  Camera.cpp
  Mesh.cpp
  practica3.cpp
C:\Users\jecal\OneDrive\Escritorio\COMPUA GRAFICA\P3\PRACTICA_03\PRACTICA_03\PRACTICA_03\Window.h(12,36): warning C4244: 'return': conversión de 'GLint' a 'GLfloat'; posible pérdida de datos
  (compilando archivo de origen "practica3.cpp")
  
C:\Users\jecal\OneDrive\Escritorio\COMPUA GRAFICA\P3\PRACTICA_03\PRACTICA_03\PRACTICA_03\Window.h(13,37): warning C4244: 'return': conversión de 'GLint' a 'GLfloat'; posible pérdida de datos
  (compilando archivo de origen "practica3.cpp")
  
C:\Users\jecal\OneDrive\Escritorio\COMPUA GRAFICA\P3\PRACTICA_03\PRACTICA_03\PRACTICA_03\practica3.cpp(26,37): warning C4305: 'inicializando': truncamiento de 'double' a 'float'
C:\Users\jecal\OneDrive\Escritorio\COMPUA GRAFICA\P3\PRACTICA_03\PRACTICA_03\PRACTICA_03\practica3.cpp(208,5): warning C4305: 'inicializando': truncamiento de 'double' a 'GLfloat'
C:\Users\jecal\OneDrive\Escritorio\COMPUA GRAFICA\P3\PRACTICA_03\PRACTICA_03\PRACTICA_03\practica3.cpp(306,3): warning C4305: 'inicializando': truncamiento de 'double' a 'GLfloat'
C:\Users\jecal\OneDrive\Escritorio\COMPUA GRAFICA\P3\PRACTICA_03\PRACTICA_03\PRACTICA_03\practica3.cpp(365,3): warning C4305: 'inicializando': truncamiento de 'double' a 'GLfloat'
C:\Users\jecal\OneDrive\Escritorio\COMPUA GRAFICA\P3\PRACTICA_03\PRACTICA_03\PRACTICA_03\practica3.cpp(527,16): warning C4018: '<': no coinciden signed/unsigned
C:\Users\jecal\OneDrive\Escritorio\COMPUA GRAFICA\P3\PRACTICA_03\PRACTICA_03\PRACTICA_03\practica3.cpp(569,32): warning C4244: 'argumento': conversión de 'double' a '_Ty'; posible pérdida de datos
C:\Users\jecal\OneDrive\Escritorio\COMPUA GRAFICA\P3\PRACTICA_03\PRACTICA_03\PRACTICA_03\practica3.cpp(569,32): warning C4244:         with
C:\Users\jecal\OneDrive\Escritorio\COMPUA GRAFICA\P3\PRACTICA_03\PRACTICA_03\PRACTICA_03\practica3.cpp(569,32): warning C4244:         [
C:\Users\jecal\OneDrive\Escritorio\COMPUA GRAFICA\P3\PRACTICA_03\PRACTICA_03\PRACTICA_03\practica3.cpp(569,32): warning C4244:             _Ty=GLfloat
C:\Users\jecal\OneDrive\Escritorio\COMPUA GRAFICA\P3\PRACTICA_03\PRACTICA_03\PRACTICA_03\practica3.cpp(569,32): warning C4244:         ]
C:\Users\jecal\OneDrive\Escritorio\COMPUA GRAFICA\P3\PRACTICA_03\PRACTICA_03\PRACTICA_03\practica3.cpp(571,32): warning C4244: 'argumento': conversión de 'double' a '_Ty'; posible pérdida de datos
C:\Users\jecal\OneDrive\Escritorio\COMPUA GRAFICA\P3\PRACTICA_03\PRACTICA_03\PRACTICA_03\practica3.cpp(571,32): warning C4244:         with
C:\Users\jecal\OneDrive\Escritorio\COMPUA GRAFICA\P3\PRACTICA_03\PRACTICA_03\PRACTICA_03\practica3.cpp(571,32): warning C4244:         [
C:\Users\jecal\OneDrive\Escritorio\COMPUA GRAFICA\P3\PRACTICA_03\PRACTICA_03\PRACTICA_03\practica3.cpp(571,32): warning C4244:             _Ty=GLfloat
C:\Users\jecal\OneDrive\Escritorio\COMPUA GRAFICA\P3\PRACTICA_03\PRACTICA_03\PRACTICA_03\practica3.cpp(571,32): warning C4244:         ]
C:\Users\jecal\OneDrive\Escritorio\COMPUA GRAFICA\P3\PRACTICA_03\PRACTICA_03\PRACTICA_03\practica3.cpp(671,15): warning C4244: 'inicializando': conversión de 'double' a 'GLfloat'; posible pérdida de datos
C:\Users\jecal\OneDrive\Escritorio\COMPUA GRAFICA\P3\PRACTICA_03\PRACTICA_03\PRACTICA_03\practica3.cpp(673,33): warning C4244: '+=': conversión de 'double' a 'GLfloat'; posible pérdida de datos
  Shader.cpp
  Sphere.cpp
C:\Users\jecal\OneDrive\Escritorio\COMPUA GRAFICA\P3\PRACTICA_03\PRACTICA_03\PRACTICA_03\Sphere.cpp(39,13): warning C4244: 'inicializando': conversión de 'double' a 'float'; posible pérdida de datos
C:\Users\jecal\OneDrive\Escritorio\COMPUA GRAFICA\P3\PRACTICA_03\PRACTICA_03\PRACTICA_03\Sphere.cpp(43,16): warning C4244: 'inicializando': conversión de 'double' a 'float'; posible pérdida de datos
  Window.cpp
C:\Users\jecal\OneDrive\Escritorio\COMPUA GRAFICA\P3\PRACTICA_03\PRACTICA_03\PRACTICA_03\Window.h(12,36): warning C4244: 'return': conversión de 'GLint' a 'GLfloat'; posible pérdida de datos
  (compilando archivo de origen "Window.cpp")
  
C:\Users\jecal\OneDrive\Escritorio\COMPUA GRAFICA\P3\PRACTICA_03\PRACTICA_03\PRACTICA_03\Window.h(13,37): warning C4244: 'return': conversión de 'GLint' a 'GLfloat'; posible pérdida de datos
  (compilando archivo de origen "Window.cpp")
  
C:\Users\jecal\OneDrive\Escritorio\COMPUA GRAFICA\P3\PRACTICA_03\PRACTICA_03\PRACTICA_03\Window.cpp(149,22): warning C4244: '=': conversión de 'double' a 'GLfloat'; posible pérdida de datos
C:\Users\jecal\OneDrive\Escritorio\COMPUA GRAFICA\P3\PRACTICA_03\PRACTICA_03\PRACTICA_03\Window.cpp(150,22): warning C4244: '=': conversión de 'double' a 'GLfloat'; posible pérdida de datos
C:\Users\jecal\OneDrive\Escritorio\COMPUA GRAFICA\P3\PRACTICA_03\PRACTICA_03\PRACTICA_03\Window.cpp(154,28): warning C4244: '=': conversión de 'double' a 'GLfloat'; posible pérdida de datos
C:\Users\jecal\OneDrive\Escritorio\COMPUA GRAFICA\P3\PRACTICA_03\PRACTICA_03\PRACTICA_03\Window.cpp(155,40): warning C4244: '=': conversión de 'double' a 'GLfloat'; posible pérdida de datos
C:\Users\jecal\OneDrive\Escritorio\COMPUA GRAFICA\P3\PRACTICA_03\PRACTICA_03\PRACTICA_03\Window.cpp(157,21): warning C4244: '=': conversión de 'double' a 'GLfloat'; posible pérdida de datos
C:\Users\jecal\OneDrive\Escritorio\COMPUA GRAFICA\P3\PRACTICA_03\PRACTICA_03\PRACTICA_03\Window.cpp(158,21): warning C4244: '=': conversión de 'double' a 'GLfloat'; posible pérdida de datos
  Generando código
  Previous IPDB not found, fall back to full compilation.
C:\Users\jecal\OneDrive\Escritorio\COMPUA GRAFICA\P3\PRACTICA_03\PRACTICA_03\PRACTICA_03\Window.cpp(77): warning C4715: 'Window::Initialise': no todas las rutas de acceso de control devuelven un valor
  All 619 functions were compiled because no usable IPDB/IOBJ from previous compilation was found.
  Generación de código finalizada
  PRACTICA_03.vcxproj -> C:\Users\jecal\OneDrive\Escritorio\COMPUA GRAFICA\P3\PRACTICA_03\PRACTICA_03\Release\PRACTICA_03.exe
