  practica3.cpp
C:\Users\jecal\OneDrive\Escritorio\COMPUA GRAFICA\P3\PRACTICA_03\PRACTICA_03\PRACTICA_03\Window.h(12,36): warning C4244: 'return': conversión de 'GLint' a 'GLfloat'; posible pérdida de datos
  (compilando archivo de origen "practica3.cpp")
  
C:\Users\jecal\OneDrive\Escritorio\COMPUA GRAFICA\P3\PRACTICA_03\PRACTICA_03\PRACTICA_03\Window.h(13,37): warning C4244: 'return': conversión de 'GLint' a 'GLfloat'; posible pérdida de datos
  (compilando archivo de origen "practica3.cpp")
  
C:\Users\jecal\OneDrive\Escritorio\COMPUA GRAFICA\P3\PRACTICA_03\PRACTICA_03\PRACTICA_03\practica3.cpp(26,37): warning C4305: 'inicializando': truncamiento de 'double' a 'float'
C:\Users\jecal\OneDrive\Escritorio\COMPUA GRAFICA\P3\PRACTICA_03\PRACTICA_03\PRACTICA_03\practica3.cpp(208,5): warning C4305: 'inicializando': truncamiento de 'double' a 'GLfloat'
C:\Users\jecal\OneDrive\Escritorio\COMPUA GRAFICA\P3\PRACTICA_03\PRACTICA_03\PRACTICA_03\practica3.cpp(306,3): warning C4305: 'inicializando': truncamiento de 'double' a 'GLfloat'
C:\Users\jecal\OneDrive\Escritorio\COMPUA GRAFICA\P3\PRACTICA_03\PRACTICA_03\PRACTICA_03\practica3.cpp(365,3): warning C4305: 'inicializando': truncamiento de 'double' a 'GLfloat'
C:\Users\jecal\OneDrive\Escritorio\COMPUA GRAFICA\P3\PRACTICA_03\PRACTICA_03\PRACTICA_03\practica3.cpp(527,16): warning C4018: '<': no coinciden signed/unsigned
C:\Users\jecal\OneDrive\Escritorio\COMPUA GRAFICA\P3\PRACTICA_03\PRACTICA_03\PRACTICA_03\practica3.cpp(569,32): warning C4244: 'argumento': conversión de 'double' a '_Ty'; posible pérdida de datos
C:\Users\jecal\OneDrive\Escritorio\COMPUA GRAFICA\P3\PRACTICA_03\PRACTICA_03\PRACTICA_03\practica3.cpp(569,32): warning C4244:         with
C:\Users\jecal\OneDrive\Escritorio\COMPUA GRAFICA\P3\PRACTICA_03\PRACTICA_03\PRACTICA_03\practica3.cpp(569,32): warning C4244:         [
C:\Users\jecal\OneDrive\Escritorio\COMPUA GRAFICA\P3\PRACTICA_03\PRACTICA_03\PRACTICA_03\practica3.cpp(569,32): warning C4244:             _Ty=GLfloat
C:\Users\jecal\OneDrive\Escritorio\COMPUA GRAFICA\P3\PRACTICA_03\PRACTICA_03\PRACTICA_03\practica3.cpp(569,32): warning C4244:         ]
C:\Users\jecal\OneDrive\Escritorio\COMPUA GRAFICA\P3\PRACTICA_03\PRACTICA_03\PRACTICA_03\practica3.cpp(571,32): warning C4244: 'argumento': conversión de 'double' a '_Ty'; posible pérdida de datos
C:\Users\jecal\OneDrive\Escritorio\COMPUA GRAFICA\P3\PRACTICA_03\PRACTICA_03\PRACTICA_03\practica3.cpp(571,32): warning C4244:         with
C:\Users\jecal\OneDrive\Escritorio\COMPUA GRAFICA\P3\PRACTICA_03\PRACTICA_03\PRACTICA_03\practica3.cpp(571,32): warning C4244:         [
C:\Users\jecal\OneDrive\Escritorio\COMPUA GRAFICA\P3\PRACTICA_03\PRACTICA_03\PRACTICA_03\practica3.cpp(571,32): warning C4244:             _Ty=GLfloat
C:\Users\jecal\OneDrive\Escritorio\COMPUA GRAFICA\P3\PRACTICA_03\PRACTICA_03\PRACTICA_03\practica3.cpp(571,32): warning C4244:         ]
C:\Users\jecal\OneDrive\Escritorio\COMPUA GRAFICA\P3\PRACTICA_03\PRACTICA_03\PRACTICA_03\practica3.cpp(671,15): warning C4244: 'inicializando': conversión de 'double' a 'GLfloat'; posible pérdida de datos
C:\Users\jecal\OneDrive\Escritorio\COMPUA GRAFICA\P3\PRACTICA_03\PRACTICA_03\PRACTICA_03\practica3.cpp(673,33): warning C4244: '+=': conversión de 'double' a 'GLfloat'; posible pérdida de datos
LINK : warning LNK4098: la biblioteca predeterminada'MSVCRT' entra en conflicto con otras bibliotecas; use la biblioteca /NODEFAULTLIB:biblioteca
  PRACTICA_03.vcxproj -> C:\Users\jecal\OneDrive\Escritorio\COMPUA GRAFICA\P3\PRACTICA_03\PRACTICA_03\Debug\PRACTICA_03.exe
